e:\project\processhider\processhider\processhider\release\vc143.pdb
e:\project\processhider\processhider\processhider\release\xgetopt.obj
e:\project\processhider\processhider\processhider\release\preparations.obj
e:\project\processhider\processhider\processhider\release\loadlibraryr.obj
e:\project\processhider\processhider\processhider\release\linkedlist.obj
e:\project\processhider\processhider\processhider\release\injector.obj
e:\project\processhider\processhider\processhider\release\hidermain.obj
e:\project\processhider\processhider\processhider\release\getprocaddressr.obj
e:\project\processhider\processhider\processhider\release\daemon.obj
e:\project\processhider\processhider\processhider\release\dlls_hex.obj
e:\project\processhider\processhider\processhider\release\processhider.res
e:\project\processhider\processhider\processhider\release\processhider.tlog\cl.read.1.tlog
e:\project\processhider\processhider\processhider\release\processhider.tlog\cl.write.1.tlog
e:\project\processhider\processhider\processhider\release\processhider.tlog\cl.command.1.tlog
e:\project\processhider\processhider\processhider\release\processhider.tlog\rc.read.1.tlog
e:\project\processhider\processhider\processhider\release\processhider.tlog\rc.write.1.tlog
e:\project\processhider\processhider\processhider\release\processhider.tlog\rc.command.1.tlog
e:\project\processhider\processhider\processhider\release\processhider.tlog\link.read.1.tlog
e:\project\processhider\processhider\processhider\release\processhider.tlog\link.write.1.tlog
e:\project\processhider\processhider\processhider\release\processhider.tlog\link.command.1.tlog
