e:\project\processhider\processhider\x86payload\release\x86payload.pch
e:\project\processhider\processhider\x86payload\release\vc143.pdb
e:\project\processhider\processhider\x86payload\release\stdafx.obj
e:\project\processhider\processhider\x86payload\release\reflectiveloader.obj
e:\project\processhider\processhider\x86payload\release\payload.obj
e:\project\processhider\processhider\x86payload\release\dllmain.obj
e:\project\processhider\processhider\x86payload\release\nthookengine.obj
e:\project\processhider\processhider\buildoutput\x86payload.dll
e:\project\processhider\processhider\x86payload\release\x86payload.ipdb
e:\project\processhider\processhider\x86payload\release\x86payload.iobj
e:\project\processhider\processhider\buildoutput\x86payload.pdb
e:\project\processhider\processhider\buildoutput\x86payload.lib
e:\project\processhider\processhider\buildoutput\x86payload.exp
e:\project\processhider\processhider\x86payload\release\x86payload.tlog\cl.read.1.tlog
e:\project\processhider\processhider\x86payload\release\x86payload.tlog\cl.write.1.tlog
e:\project\processhider\processhider\x86payload\release\x86payload.tlog\cl.command.1.tlog
e:\project\processhider\processhider\x86payload\release\x86payload.tlog\link.read.1.tlog
e:\project\processhider\processhider\x86payload\release\x86payload.tlog\link.write.1.tlog
e:\project\processhider\processhider\x86payload\release\x86payload.tlog\link.command.1.tlog
e:\project\processhider\processhider\x86payload\release\x86payload.tlog\link.write.2u.tlog
