e:\project\processhider\processhider\x64payload\x64\release\x64payload.pch
e:\project\processhider\processhider\x64payload\x64\release\vc143.pdb
e:\project\processhider\processhider\x64payload\x64\release\stdafx.obj
e:\project\processhider\processhider\x64payload\x64\release\payload.obj
e:\project\processhider\processhider\x64payload\x64\release\reflectiveloader.obj
e:\project\processhider\processhider\x64payload\x64\release\nthookengine.obj
e:\project\processhider\processhider\x64payload\x64\release\dllmain.obj
e:\project\processhider\processhider\buildoutput\x64payload.dll
e:\project\processhider\processhider\x64payload\x64\release\x64payload.ipdb
e:\project\processhider\processhider\buildoutput\x64payload.pdb
e:\project\processhider\processhider\x64payload\x64\release\x64payload.iobj
e:\project\processhider\processhider\buildoutput\x64payload.lib
e:\project\processhider\processhider\buildoutput\x64payload.exp
e:\project\processhider\processhider\x64payload\x64\release\x64payload.tlog\cl.read.1.tlog
e:\project\processhider\processhider\x64payload\x64\release\x64payload.tlog\cl.write.1.tlog
e:\project\processhider\processhider\x64payload\x64\release\x64payload.tlog\cl.command.1.tlog
e:\project\processhider\processhider\x64payload\x64\release\x64payload.tlog\link.read.27.tlog
e:\project\processhider\processhider\x64payload\x64\release\x64payload.tlog\link.write.1.tlog
e:\project\processhider\processhider\x64payload\x64\release\x64payload.tlog\link.command.1.tlog
e:\project\processhider\processhider\x64payload\x64\release\x64payload.tlog\link.write.2u.tlog
